This is pdfTeX, Version 3.14159265-2.6-1.40.20 (MiKTeX 2.9.7000 64-bit) (preloaded format=pdflatex 2019.5.20)  21 MAY 2019 10:05
entering extended mode
**./PM_Book.tex
(PM_Book.tex
LaTeX2e <2018-12-01>
("C:\Users\Hector\AppData\Local\Programs\MiKTeX 2.9\tex/latex/base\book.cls"
Document Class: book 2018/09/03 v1.4i Standard LaTeX document class
("C:\Users\Hector\AppData\Local\Programs\MiKTeX 2.9\tex/latex/base\bk10.clo"
File: bk10.clo 2018/09/03 v1.4i Standard LaTeX file (size option)
)
\c@part=\count80
\c@chapter=\count81
\c@section=\count82
\c@subsection=\count83
\c@subsubsection=\count84
\c@paragraph=\count85
\c@subparagraph=\count86
\c@figure=\count87
\c@table=\count88
\abovecaptionskip=\skip41
\belowcaptionskip=\skip42
\bibindent=\dimen102
)
("C:\Users\Hector\AppData\Local\Programs\MiKTeX 2.9\tex/latex/lm\lmodern.sty"
Package: lmodern 2009/10/30 v1.6 Latin Modern Fonts
LaTeX Font Info:    Overwriting symbol font `operators' in version `normal'
(Font)                  OT1/cmr/m/n --> OT1/lmr/m/n on input line 22.
LaTeX Font Info:    Overwriting symbol font `letters' in version `normal'
(Font)                  OML/cmm/m/it --> OML/lmm/m/it on input line 23.
LaTeX Font Info:    Overwriting symbol font `symbols' in version `normal'
(Font)                  OMS/cmsy/m/n --> OMS/lmsy/m/n on input line 24.
LaTeX Font Info:    Overwriting symbol font `largesymbols' in version `normal'
(Font)                  OMX/cmex/m/n --> OMX/lmex/m/n on input line 25.
LaTeX Font Info:    Overwriting symbol font `operators' in version `bold'
(Font)                  OT1/cmr/bx/n --> OT1/lmr/bx/n on input line 26.
LaTeX Font Info:    Overwriting symbol font `letters' in version `bold'
(Font)                  OML/cmm/b/it --> OML/lmm/b/it on input line 27.
LaTeX Font Info:    Overwriting symbol font `symbols' in version `bold'
(Font)                  OMS/cmsy/b/n --> OMS/lmsy/b/n on input line 28.
LaTeX Font Info:    Overwriting symbol font `largesymbols' in version `bold'
(Font)                  OMX/cmex/m/n --> OMX/lmex/m/n on input line 29.
LaTeX Font Info:    Overwriting math alphabet `\mathbf' in version `normal'
(Font)                  OT1/cmr/bx/n --> OT1/lmr/bx/n on input line 31.
LaTeX Font Info:    Overwriting math alphabet `\mathsf' in version `normal'
(Font)                  OT1/cmss/m/n --> OT1/lmss/m/n on input line 32.
LaTeX Font Info:    Overwriting math alphabet `\mathit' in version `normal'
(Font)                  OT1/cmr/m/it --> OT1/lmr/m/it on input line 33.
LaTeX Font Info:    Overwriting math alphabet `\mathtt' in version `normal'
(Font)                  OT1/cmtt/m/n --> OT1/lmtt/m/n on input line 34.
LaTeX Font Info:    Overwriting math alphabet `\mathbf' in version `bold'
(Font)                  OT1/cmr/bx/n --> OT1/lmr/bx/n on input line 35.
LaTeX Font Info:    Overwriting math alphabet `\mathsf' in version `bold'
(Font)                  OT1/cmss/bx/n --> OT1/lmss/bx/n on input line 36.
LaTeX Font Info:    Overwriting math alphabet `\mathit' in version `bold'
(Font)                  OT1/cmr/bx/it --> OT1/lmr/bx/it on input line 37.
LaTeX Font Info:    Overwriting math alphabet `\mathtt' in version `bold'
(Font)                  OT1/cmtt/m/n --> OT1/lmtt/m/n on input line 38.
)
("C:\Users\Hector\AppData\Local\Programs\MiKTeX 2.9\tex/latex/amsfonts\amssymb.
sty"
Package: amssymb 2013/01/14 v3.01 AMS font symbols

("C:\Users\Hector\AppData\Local\Programs\MiKTeX 2.9\tex/latex/amsfonts\amsfonts
.sty"
Package: amsfonts 2013/01/14 v3.01 Basic AMSFonts support
\@emptytoks=\toks14
\symAMSa=\mathgroup4
\symAMSb=\mathgroup5
LaTeX Font Info:    Overwriting math alphabet `\mathfrak' in version `bold'
(Font)                  U/euf/m/n --> U/euf/b/n on input line 106.
))
("C:\Users\Hector\AppData\Local\Programs\MiKTeX 2.9\tex/latex/amsmath\amsmath.s
ty"
Package: amsmath 2018/12/01 v2.17b AMS math features
\@mathmargin=\skip43

For additional information on amsmath, use the `?' option.

("C:\Users\Hector\AppData\Local\Programs\MiKTeX 2.9\tex/latex/amsmath\amstext.s
ty"
Package: amstext 2000/06/29 v2.01 AMS text

("C:\Users\Hector\AppData\Local\Programs\MiKTeX 2.9\tex/latex/amsmath\amsgen.st
y"
File: amsgen.sty 1999/11/30 v2.0 generic functions
\@emptytoks=\toks15
\ex@=\dimen103
))
("C:\Users\Hector\AppData\Local\Programs\MiKTeX 2.9\tex/latex/amsmath\amsbsy.st
y"
Package: amsbsy 1999/11/29 v1.2d Bold Symbols
\pmbraise@=\dimen104
)
("C:\Users\Hector\AppData\Local\Programs\MiKTeX 2.9\tex/latex/amsmath\amsopn.st
y"
Package: amsopn 2016/03/08 v2.02 operator names
)
\inf@bad=\count89
LaTeX Info: Redefining \frac on input line 223.
\uproot@=\count90
\leftroot@=\count91
LaTeX Info: Redefining \overline on input line 385.
\classnum@=\count92
\DOTSCASE@=\count93
LaTeX Info: Redefining \ldots on input line 482.
LaTeX Info: Redefining \dots on input line 485.
LaTeX Info: Redefining \cdots on input line 606.
\Mathstrutbox@=\box27
\strutbox@=\box28
\big@size=\dimen105
LaTeX Font Info:    Redeclaring font encoding OML on input line 729.
LaTeX Font Info:    Redeclaring font encoding OMS on input line 730.
\macc@depth=\count94
\c@MaxMatrixCols=\count95
\dotsspace@=\muskip10
\c@parentequation=\count96
\dspbrk@lvl=\count97
\tag@help=\toks16
\row@=\count98
\column@=\count99
\maxfields@=\count100
\andhelp@=\toks17
\eqnshift@=\dimen106
\alignsep@=\dimen107
\tagshift@=\dimen108
\tagwidth@=\dimen109
\totwidth@=\dimen110
\lineht@=\dimen111
\@envbody=\toks18
\multlinegap=\skip44
\multlinetaggap=\skip45
\mathdisplay@stack=\toks19
LaTeX Info: Redefining \[ on input line 2844.
LaTeX Info: Redefining \] on input line 2845.
)
("C:\Users\Hector\AppData\Local\Programs\MiKTeX 2.9\tex/generic/ifxetex\ifxetex
.sty"
Package: ifxetex 2010/09/12 v0.6 Provides ifxetex conditional
)
("C:\Users\Hector\AppData\Local\Programs\MiKTeX 2.9\tex/generic/oberdiek\ifluat
ex.sty"
Package: ifluatex 2016/05/16 v1.4 Provides the ifluatex switch (HO)
Package ifluatex Info: LuaTeX not detected.
)
("C:\Users\Hector\AppData\Local\Programs\MiKTeX 2.9\tex/latex/base\fixltx2e.sty
"
Package: fixltx2e 2016/12/29 v2.1a fixes to LaTeX (obsolete)
Applying: [2015/01/01] Old fixltx2e package on input line 46.


Package fixltx2e Warning: fixltx2e is not required with releases after 2015
(fixltx2e)                All fixes are now in the LaTeX kernel.
(fixltx2e)                See the latexrelease package for details.

Already applied: [0000/00/00] Old fixltx2e package on input line 53.
) ("C:\Users\Hector\AppData\Local\Programs\MiKTeX 2.9\tex/latex/base\fontenc.st
y"
Package: fontenc 2018/08/11 v2.0j Standard LaTeX package
 ("C:\Users\Hector\AppData\Local\Programs\MiKTeX 2.9\tex/latex/base\t1enc.def"
File: t1enc.def 2018/08/11 v2.0j Standard LaTeX file
LaTeX Font Info:    Redeclaring font encoding T1 on input line 48.
))
("C:\Users\Hector\AppData\Local\Programs\MiKTeX 2.9\tex/latex/base\inputenc.sty
"
Package: inputenc 2018/08/11 v1.3c Input encoding file
\inpenc@prehook=\toks20
\inpenc@posthook=\toks21
)
("C:\Users\Hector\AppData\Local\Programs\MiKTeX 2.9\tex/latex/upquote\upquote.s
ty"
Package: upquote 2012/04/19 v1.3 upright-quote and grave-accent glyphs in verba
tim

("C:\Users\Hector\AppData\Local\Programs\MiKTeX 2.9\tex/latex/base\textcomp.sty
"
Package: textcomp 2018/08/11 v2.0j Standard LaTeX package
Package textcomp Info: Sub-encoding information:
(textcomp)               5 = only ISO-Adobe without \textcurrency
(textcomp)               4 = 5 + \texteuro
(textcomp)               3 = 4 + \textohm
(textcomp)               2 = 3 + \textestimated + \textcurrency
(textcomp)               1 = TS1 - \textcircled - \t
(textcomp)               0 = TS1 (full)
(textcomp)             Font families with sub-encoding setting implement
(textcomp)             only a restricted character set as indicated.
(textcomp)             Family '?' is the default used for unknown fonts.
(textcomp)             See the documentation for details.
Package textcomp Info: Setting ? sub-encoding to TS1/1 on input line 79.
 ("C:\Users\Hector\AppData\Local\Programs\MiKTeX 2.9\tex/latex/base\ts1enc.def"
File: ts1enc.def 2001/06/05 v3.0e (jk/car/fm) Standard LaTeX file
Now handling font encoding TS1 ...
... processing UTF-8 mapping file for font encoding TS1
 ("C:\Users\Hector\AppData\Local\Programs\MiKTeX 2.9\tex/latex/base\ts1enc.dfu"
File: ts1enc.dfu 2018/10/05 v1.2f UTF-8 support for inputenc
   defining Unicode char U+00A2 (decimal 162)
   defining Unicode char U+00A3 (decimal 163)
   defining Unicode char U+00A4 (decimal 164)
   defining Unicode char U+00A5 (decimal 165)
   defining Unicode char U+00A6 (decimal 166)
   defining Unicode char U+00A7 (decimal 167)
   defining Unicode char U+00A8 (decimal 168)
   defining Unicode char U+00A9 (decimal 169)
   defining Unicode char U+00AA (decimal 170)
   defining Unicode char U+00AC (decimal 172)
   defining Unicode char U+00AE (decimal 174)
   defining Unicode char U+00AF (decimal 175)
   defining Unicode char U+00B0 (decimal 176)
   defining Unicode char U+00B1 (decimal 177)
   defining Unicode char U+00B2 (decimal 178)
   defining Unicode char U+00B3 (decimal 179)
   defining Unicode char U+00B4 (decimal 180)
   defining Unicode char U+00B5 (decimal 181)
   defining Unicode char U+00B6 (decimal 182)
   defining Unicode char U+00B7 (decimal 183)
   defining Unicode char U+00B9 (decimal 185)
   defining Unicode char U+00BA (decimal 186)
   defining Unicode char U+00BC (decimal 188)
   defining Unicode char U+00BD (decimal 189)
   defining Unicode char U+00BE (decimal 190)
   defining Unicode char U+00D7 (decimal 215)
   defining Unicode char U+00F7 (decimal 247)
   defining Unicode char U+0192 (decimal 402)
   defining Unicode char U+02C7 (decimal 711)
   defining Unicode char U+02D8 (decimal 728)
   defining Unicode char U+02DD (decimal 733)
   defining Unicode char U+0E3F (decimal 3647)
   defining Unicode char U+2016 (decimal 8214)
   defining Unicode char U+2020 (decimal 8224)
   defining Unicode char U+2021 (decimal 8225)
   defining Unicode char U+2022 (decimal 8226)
   defining Unicode char U+2030 (decimal 8240)
   defining Unicode char U+2031 (decimal 8241)
   defining Unicode char U+203B (decimal 8251)
   defining Unicode char U+203D (decimal 8253)
   defining Unicode char U+2044 (decimal 8260)
   defining Unicode char U+204E (decimal 8270)
   defining Unicode char U+2052 (decimal 8274)
   defining Unicode char U+20A1 (decimal 8353)
   defining Unicode char U+20A4 (decimal 8356)
   defining Unicode char U+20A6 (decimal 8358)
   defining Unicode char U+20A9 (decimal 8361)
   defining Unicode char U+20AB (decimal 8363)
   defining Unicode char U+20AC (decimal 8364)
   defining Unicode char U+20B1 (decimal 8369)
   defining Unicode char U+2103 (decimal 8451)
   defining Unicode char U+2116 (decimal 8470)
   defining Unicode char U+2117 (decimal 8471)
   defining Unicode char U+211E (decimal 8478)
   defining Unicode char U+2120 (decimal 8480)
   defining Unicode char U+2122 (decimal 8482)
   defining Unicode char U+2126 (decimal 8486)
   defining Unicode char U+2127 (decimal 8487)
   defining Unicode char U+212E (decimal 8494)
   defining Unicode char U+2190 (decimal 8592)
   defining Unicode char U+2191 (decimal 8593)
   defining Unicode char U+2192 (decimal 8594)
   defining Unicode char U+2193 (decimal 8595)
   defining Unicode char U+2329 (decimal 9001)
   defining Unicode char U+232A (decimal 9002)
   defining Unicode char U+2422 (decimal 9250)
   defining Unicode char U+25E6 (decimal 9702)
   defining Unicode char U+25EF (decimal 9711)
   defining Unicode char U+266A (decimal 9834)
   defining Unicode char U+FEFF (decimal 65279)
))
LaTeX Info: Redefining \oldstylenums on input line 334.
Package textcomp Info: Setting cmr sub-encoding to TS1/0 on input line 349.
Package textcomp Info: Setting cmss sub-encoding to TS1/0 on input line 350.
Package textcomp Info: Setting cmtt sub-encoding to TS1/0 on input line 351.
Package textcomp Info: Setting cmvtt sub-encoding to TS1/0 on input line 352.
Package textcomp Info: Setting cmbr sub-encoding to TS1/0 on input line 353.
Package textcomp Info: Setting cmtl sub-encoding to TS1/0 on input line 354.
Package textcomp Info: Setting ccr sub-encoding to TS1/0 on input line 355.
Package textcomp Info: Setting ptm sub-encoding to TS1/4 on input line 356.
Package textcomp Info: Setting pcr sub-encoding to TS1/4 on input line 357.
Package textcomp Info: Setting phv sub-encoding to TS1/4 on input line 358.
Package textcomp Info: Setting ppl sub-encoding to TS1/3 on input line 359.
Package textcomp Info: Setting pag sub-encoding to TS1/4 on input line 360.
Package textcomp Info: Setting pbk sub-encoding to TS1/4 on input line 361.
Package textcomp Info: Setting pnc sub-encoding to TS1/4 on input line 362.
Package textcomp Info: Setting pzc sub-encoding to TS1/4 on input line 363.
Package textcomp Info: Setting bch sub-encoding to TS1/4 on input line 364.
Package textcomp Info: Setting put sub-encoding to TS1/5 on input line 365.
Package textcomp Info: Setting uag sub-encoding to TS1/5 on input line 366.
Package textcomp Info: Setting ugq sub-encoding to TS1/5 on input line 367.
Package textcomp Info: Setting ul8 sub-encoding to TS1/4 on input line 368.
Package textcomp Info: Setting ul9 sub-encoding to TS1/4 on input line 369.
Package textcomp Info: Setting augie sub-encoding to TS1/5 on input line 370.
Package textcomp Info: Setting dayrom sub-encoding to TS1/3 on input line 371.
Package textcomp Info: Setting dayroms sub-encoding to TS1/3 on input line 372.

Package textcomp Info: Setting pxr sub-encoding to TS1/0 on input line 373.
Package textcomp Info: Setting pxss sub-encoding to TS1/0 on input line 374.
Package textcomp Info: Setting pxtt sub-encoding to TS1/0 on input line 375.
Package textcomp Info: Setting txr sub-encoding to TS1/0 on input line 376.
Package textcomp Info: Setting txss sub-encoding to TS1/0 on input line 377.
Package textcomp Info: Setting txtt sub-encoding to TS1/0 on input line 378.
Package textcomp Info: Setting lmr sub-encoding to TS1/0 on input line 379.
Package textcomp Info: Setting lmdh sub-encoding to TS1/0 on input line 380.
Package textcomp Info: Setting lmss sub-encoding to TS1/0 on input line 381.
Package textcomp Info: Setting lmssq sub-encoding to TS1/0 on input line 382.
Package textcomp Info: Setting lmvtt sub-encoding to TS1/0 on input line 383.
Package textcomp Info: Setting lmtt sub-encoding to TS1/0 on input line 384.
Package textcomp Info: Setting qhv sub-encoding to TS1/0 on input line 385.
Package textcomp Info: Setting qag sub-encoding to TS1/0 on input line 386.
Package textcomp Info: Setting qbk sub-encoding to TS1/0 on input line 387.
Package textcomp Info: Setting qcr sub-encoding to TS1/0 on input line 388.
Package textcomp Info: Setting qcs sub-encoding to TS1/0 on input line 389.
Package textcomp Info: Setting qpl sub-encoding to TS1/0 on input line 390.
Package textcomp Info: Setting qtm sub-encoding to TS1/0 on input line 391.
Package textcomp Info: Setting qzc sub-encoding to TS1/0 on input line 392.
Package textcomp Info: Setting qhvc sub-encoding to TS1/0 on input line 393.
Package textcomp Info: Setting futs sub-encoding to TS1/4 on input line 394.
Package textcomp Info: Setting futx sub-encoding to TS1/4 on input line 395.
Package textcomp Info: Setting futj sub-encoding to TS1/4 on input line 396.
Package textcomp Info: Setting hlh sub-encoding to TS1/3 on input line 397.
Package textcomp Info: Setting hls sub-encoding to TS1/3 on input line 398.
Package textcomp Info: Setting hlst sub-encoding to TS1/3 on input line 399.
Package textcomp Info: Setting hlct sub-encoding to TS1/5 on input line 400.
Package textcomp Info: Setting hlx sub-encoding to TS1/5 on input line 401.
Package textcomp Info: Setting hlce sub-encoding to TS1/5 on input line 402.
Package textcomp Info: Setting hlcn sub-encoding to TS1/5 on input line 403.
Package textcomp Info: Setting hlcw sub-encoding to TS1/5 on input line 404.
Package textcomp Info: Setting hlcf sub-encoding to TS1/5 on input line 405.
Package textcomp Info: Setting pplx sub-encoding to TS1/3 on input line 406.
Package textcomp Info: Setting pplj sub-encoding to TS1/3 on input line 407.
Package textcomp Info: Setting ptmx sub-encoding to TS1/4 on input line 408.
Package textcomp Info: Setting ptmj sub-encoding to TS1/4 on input line 409.
))
("C:\Users\Hector\AppData\Local\Programs\MiKTeX 2.9\tex/latex/microtype\microty
pe.sty"
Package: microtype 2019/02/28 v2.7b Micro-typographical refinements (RS)

("C:\Users\Hector\AppData\Local\Programs\MiKTeX 2.9\tex/latex/graphics\keyval.s
ty"
Package: keyval 2014/10/28 v1.15 key=value parser (DPC)
\KV@toks@=\toks22
)
\MT@toks=\toks23
\MT@count=\count101
LaTeX Info: Redefining \textls on input line 790.
\MT@outer@kern=\dimen112
LaTeX Info: Redefining \textmicrotypecontext on input line 1336.
\MT@listname@count=\count102

("C:\Users\Hector\AppData\Local\Programs\MiKTeX 2.9\tex/latex/microtype\microty
pe-pdftex.def"
File: microtype-pdftex.def 2019/02/28 v2.7b Definitions specific to pdftex (RS)

LaTeX Info: Redefining \lsstyle on input line 914.
LaTeX Info: Redefining \lslig on input line 914.
\MT@outer@space=\skip46
)
Package microtype Info: Loading configuration file microtype.cfg.

("C:\Users\Hector\AppData\Local\Programs\MiKTeX 2.9\tex/latex/microtype\microty
pe.cfg"
File: microtype.cfg 2019/02/28 v2.7b microtype main configuration file (RS)
))
("C:\Users\Hector\AppData\Local\Programs\MiKTeX 2.9\tex/latex/geometry\geometry
.sty"
Package: geometry 2018/04/16 v5.8 Page Geometry

("C:\Users\Hector\AppData\Local\Programs\MiKTeX 2.9\tex/generic/oberdiek\ifpdf.
sty"
Package: ifpdf 2018/09/07 v3.3 Provides the ifpdf switch
)
("C:\Users\Hector\AppData\Local\Programs\MiKTeX 2.9\tex/generic/oberdiek\ifvtex
.sty"
Package: ifvtex 2016/05/16 v1.6 Detect VTeX and its facilities (HO)
Package ifvtex Info: VTeX not detected.
)
\Gm@cnth=\count103
\Gm@cntv=\count104
\c@Gm@tempcnt=\count105
\Gm@bindingoffset=\dimen113
\Gm@wd@mp=\dimen114
\Gm@odd@mp=\dimen115
\Gm@even@mp=\dimen116
\Gm@layoutwidth=\dimen117
\Gm@layoutheight=\dimen118
\Gm@layouthoffset=\dimen119
\Gm@layoutvoffset=\dimen120
\Gm@dimlist=\toks24

("C:\Users\Hector\AppData\Local\Programs\MiKTeX 2.9\tex/latex/geometry\geometry
.cfg"))
("C:\Users\Hector\AppData\Local\Programs\MiKTeX 2.9\tex/latex/hyperref\hyperref
.sty"
Package: hyperref 2018/11/30 v6.88e Hypertext links for LaTeX

("C:\Users\Hector\AppData\Local\Programs\MiKTeX 2.9\tex/generic/oberdiek\hobsub
-hyperref.sty"
Package: hobsub-hyperref 2016/05/16 v1.14 Bundle oberdiek, subset hyperref (HO)


("C:\Users\Hector\AppData\Local\Programs\MiKTeX 2.9\tex/generic/oberdiek\hobsub
-generic.sty"
Package: hobsub-generic 2016/05/16 v1.14 Bundle oberdiek, subset generic (HO)
Package: hobsub 2016/05/16 v1.14 Construct package bundles (HO)
Package: infwarerr 2016/05/16 v1.4 Providing info/warning/error messages (HO)
Package: ltxcmds 2016/05/16 v1.23 LaTeX kernel commands for general use (HO)
Package hobsub Info: Skipping package `ifluatex' (already loaded).
Package hobsub Info: Skipping package `ifvtex' (already loaded).
Package: intcalc 2016/05/16 v1.2 Expandable calculations with integers (HO)
Package hobsub Info: Skipping package `ifpdf' (already loaded).
Package: etexcmds 2016/05/16 v1.6 Avoid name clashes with e-TeX commands (HO)
Package: kvsetkeys 2016/05/16 v1.17 Key value parser (HO)
Package: kvdefinekeys 2016/05/16 v1.4 Define keys (HO)
Package: pdftexcmds 2018/09/10 v0.29 Utility functions of pdfTeX for LuaTeX (HO
)
Package pdftexcmds Info: LuaTeX not detected.
Package pdftexcmds Info: \pdf@primitive is available.
Package pdftexcmds Info: \pdf@ifprimitive is available.
Package pdftexcmds Info: \pdfdraftmode found.
Package: pdfescape 2016/05/16 v1.14 Implements pdfTeX's escape features (HO)
Package: bigintcalc 2016/05/16 v1.4 Expandable calculations on big integers (HO
)
Package: bitset 2016/05/16 v1.2 Handle bit-vector datatype (HO)
Package: uniquecounter 2016/05/16 v1.3 Provide unlimited unique counter (HO)
)
Package hobsub Info: Skipping package `hobsub' (already loaded).
Package: letltxmacro 2016/05/16 v1.5 Let assignment for LaTeX macros (HO)
Package: hopatch 2016/05/16 v1.3 Wrapper for package hooks (HO)
Package: xcolor-patch 2016/05/16 xcolor patch
Package: atveryend 2016/05/16 v1.9 Hooks at the very end of document (HO)
Package atveryend Info: \enddocument detected (standard20110627).
Package: atbegshi 2016/06/09 v1.18 At begin shipout hook (HO)
Package: refcount 2016/05/16 v3.5 Data extraction from label references (HO)
Package: hycolor 2016/05/16 v1.8 Color options for hyperref/bookmark (HO)
)
("C:\Users\Hector\AppData\Local\Programs\MiKTeX 2.9\tex/latex/oberdiek\auxhook.
sty"
Package: auxhook 2016/05/16 v1.4 Hooks for auxiliary files (HO)
)
("C:\Users\Hector\AppData\Local\Programs\MiKTeX 2.9\tex/latex/oberdiek\kvoption
s.sty"
Package: kvoptions 2016/05/16 v3.12 Key value format for package options (HO)
)
\@linkdim=\dimen121
\Hy@linkcounter=\count106
\Hy@pagecounter=\count107

("C:\Users\Hector\AppData\Local\Programs\MiKTeX 2.9\tex/latex/hyperref\pd1enc.d
ef"
File: pd1enc.def 2018/11/30 v6.88e Hyperref: PDFDocEncoding definition (HO)
Now handling font encoding PD1 ...
... no UTF-8 mapping file for font encoding PD1
)
\Hy@SavedSpaceFactor=\count108

("C:\Users\Hector\AppData\Local\Programs\MiKTeX 2.9\tex/latex/00miktex\hyperref
.cfg"
File: hyperref.cfg 2002/06/06 v1.2 hyperref configuration of TeXLive
)
Package hyperref Info: Hyper figures OFF on input line 4519.
Package hyperref Info: Link nesting OFF on input line 4524.
Package hyperref Info: Hyper index ON on input line 4527.
Package hyperref Info: Plain pages OFF on input line 4534.
Package hyperref Info: Backreferencing OFF on input line 4539.
Package hyperref Info: Implicit mode ON; LaTeX internals redefined.
Package hyperref Info: Bookmarks ON on input line 4772.
\c@Hy@tempcnt=\count109
 ("C:\Users\Hector\AppData\Local\Programs\MiKTeX 2.9\tex/latex/url\url.sty"
\Urlmuskip=\muskip11
Package: url 2013/09/16  ver 3.4  Verb mode for urls, etc.
)
LaTeX Info: Redefining \url on input line 5125.
\XeTeXLinkMargin=\dimen122
\Fld@menulength=\count110
\Field@Width=\dimen123
\Fld@charsize=\dimen124
Package hyperref Info: Hyper figures OFF on input line 6380.
Package hyperref Info: Link nesting OFF on input line 6385.
Package hyperref Info: Hyper index ON on input line 6388.
Package hyperref Info: backreferencing OFF on input line 6395.
Package hyperref Info: Link coloring OFF on input line 6400.
Package hyperref Info: Link coloring with OCG OFF on input line 6405.
Package hyperref Info: PDF/A mode OFF on input line 6410.
LaTeX Info: Redefining \ref on input line 6450.
LaTeX Info: Redefining \pageref on input line 6454.
\Hy@abspage=\count111
\c@Item=\count112
\c@Hfootnote=\count113
)
Package hyperref Info: Driver (autodetected): hpdftex.

("C:\Users\Hector\AppData\Local\Programs\MiKTeX 2.9\tex/latex/hyperref\hpdftex.
def"
File: hpdftex.def 2018/11/30 v6.88e Hyperref driver for pdfTeX
\Fld@listcount=\count114
\c@bookmark@seq@number=\count115

("C:\Users\Hector\AppData\Local\Programs\MiKTeX 2.9\tex/latex/oberdiek\rerunfil
echeck.sty"
Package: rerunfilecheck 2016/05/16 v1.8 Rerun checks for auxiliary files (HO)
Package uniquecounter Info: New unique counter `rerunfilecheck' on input line 2
82.
)
\Hy@SectionHShift=\skip47
)
Package hyperref Info: Option `unicode' set `true' on input line 30.

("C:\Users\Hector\AppData\Local\Programs\MiKTeX 2.9\tex/latex/hyperref\puenc.de
f"
File: puenc.def 2018/11/30 v6.88e Hyperref: PDF Unicode definition (HO)
Now handling font encoding PU ...
... no UTF-8 mapping file for font encoding PU
)
Package hyperref Info: Option `breaklinks' set `true' on input line 30.

("C:\Users\Hector\AppData\Local\Programs\MiKTeX 2.9\tex/latex/graphics\color.st
y"
Package: color 2016/07/10 v1.1e Standard LaTeX Color (DPC)

("C:\Users\Hector\AppData\Local\Programs\MiKTeX 2.9\tex/latex/graphics-cfg\colo
r.cfg"
File: color.cfg 2016/01/02 v1.6 sample color configuration
)
Package color Info: Driver file: pdftex.def on input line 147.

("C:\Users\Hector\AppData\Local\Programs\MiKTeX 2.9\tex/latex/graphics-def\pdft
ex.def"
File: pdftex.def 2018/01/08 v1.0l Graphics/color driver for pdftex
))
("C:\Users\Hector\AppData\Local\Programs\MiKTeX 2.9\tex/latex/fancyvrb\fancyvrb
.sty"
Package: fancyvrb 2019/01/15
 Style option: `fancyvrb' v3.2a <2019/01/15> (tvz)
\FV@CodeLineNo=\count116
\FV@InFile=\read1
\FV@TabBox=\box29
\c@FancyVerbLine=\count117
\FV@StepNumber=\count118
\FV@OutFile=\write3
)
("C:\Users\Hector\AppData\Local\Programs\MiKTeX 2.9\tex/latex/framed\framed.sty
"
Package: framed 2011/10/22 v 0.96: framed or shaded text with page breaks
\OuterFrameSep=\skip48
\fb@frw=\dimen125
\fb@frh=\dimen126
\FrameRule=\dimen127
\FrameSep=\dimen128
)
("C:\Users\Hector\AppData\Local\Programs\MiKTeX 2.9\tex/latex/tools\longtable.s
ty"
Package: longtable 2014/10/28 v4.11 Multi-page Table package (DPC)+ FMi change
\LTleft=\skip49
\LTright=\skip50
\LTpre=\skip51
\LTpost=\skip52
\LTchunksize=\count119
\LTcapwidth=\dimen129
\LT@head=\box30
\LT@firsthead=\box31
\LT@foot=\box32
\LT@lastfoot=\box33
\LT@cols=\count120
\LT@rows=\count121
\c@LT@tables=\count122
\c@LT@chunks=\count123
\LT@p@ftn=\toks25
)
("C:\Users\Hector\AppData\Local\Programs\MiKTeX 2.9\tex/latex/booktabs\booktabs
.sty"
Package: booktabs 2005/04/14 v1.61803 publication quality tables
\heavyrulewidth=\dimen130
\lightrulewidth=\dimen131
\cmidrulewidth=\dimen132
\belowrulesep=\dimen133
\belowbottomsep=\dimen134
\aboverulesep=\dimen135
\abovetopsep=\dimen136
\cmidrulesep=\dimen137
\cmidrulekern=\dimen138
\defaultaddspace=\dimen139
\@cmidla=\count124
\@cmidlb=\count125
\@aboverulesep=\dimen140
\@belowrulesep=\dimen141
\@thisruleclass=\count126
\@lastruleclass=\count127
\@thisrulewidth=\dimen142
)
("C:\Users\Hector\AppData\Local\Programs\MiKTeX 2.9\tex/latex/graphics\graphicx
.sty"
Package: graphicx 2017/06/01 v1.1a Enhanced LaTeX Graphics (DPC,SPQR)

("C:\Users\Hector\AppData\Local\Programs\MiKTeX 2.9\tex/latex/graphics\graphics
.sty"
Package: graphics 2017/06/25 v1.2c Standard LaTeX Graphics (DPC,SPQR)

("C:\Users\Hector\AppData\Local\Programs\MiKTeX 2.9\tex/latex/graphics\trig.sty
"
Package: trig 2016/01/03 v1.10 sin cos tan (DPC)
)
("C:\Users\Hector\AppData\Local\Programs\MiKTeX 2.9\tex/latex/graphics-cfg\grap
hics.cfg"
File: graphics.cfg 2016/06/04 v1.11 sample graphics configuration
)
Package graphics Info: Driver file: pdftex.def on input line 99.
)
\Gin@req@height=\dimen143
\Gin@req@width=\dimen144
)
("C:\Users\Hector\AppData\Local\Programs\MiKTeX 2.9\tex/latex/oberdiek\grffile.
sty"
Package: grffile 2017/06/30 v1.18 Extended file name support for graphics (HO)
Package grffile Info: Option `multidot' is set to `true'.
Package grffile Info: Option `extendedchars' is set to `false'.
Package grffile Info: Option `space' is set to `true'.
Package grffile Info: \Gin@ii of package `graphicx' fixed on input line 494.
)
("C:\Users\Hector\AppData\Local\Programs\MiKTeX 2.9\tex/latex/parskip\parskip.s
ty"
Package: parskip 2019-01-16 v2.0c non-zero parskip adjustments

("C:\Users\Hector\AppData\Local\Programs\MiKTeX 2.9\tex/latex/etoolbox\etoolbox
.sty"
Package: etoolbox 2018/08/19 v2.5f e-TeX tools for LaTeX (JAW)
\etb@tempcnta=\count128
))
("C:\Users\Hector\AppData\Local\Programs\MiKTeX 2.9\tex/latex/titling\titling.s
ty"
Package: titling 2009/09/04 v2.1d maketitle typesetting
\thanksmarkwidth=\skip53
\thanksmargin=\skip54
\droptitle=\skip55
)
("C:\Users\Hector\AppData\Local\Programs\MiKTeX 2.9\tex/latex/caption\caption.s
ty"
Package: caption 2018/10/06 v3.3-154 Customizing captions (AR)

("C:\Users\Hector\AppData\Local\Programs\MiKTeX 2.9\tex/latex/caption\caption3.
sty"
Package: caption3 2018/09/12 v1.8c caption3 kernel (AR)
Package caption3 Info: TeX engine: e-TeX on input line 64.
\captionmargin=\dimen145
\captionmargin@=\dimen146
\captionwidth=\dimen147
\caption@tempdima=\dimen148
\caption@indent=\dimen149
\caption@parindent=\dimen150
\caption@hangindent=\dimen151
)
\c@caption@flags=\count129
\c@ContinuedFloat=\count130
Package caption Info: hyperref package is loaded.
Package caption Info: longtable package is loaded.

("C:\Users\Hector\AppData\Local\Programs\MiKTeX 2.9\tex/latex/caption\ltcaption
.sty"
Package: ltcaption 2018/08/26 v1.4-95 longtable captions (AR)
))
("C:\Users\Hector\AppData\Local\Programs\MiKTeX 2.9\tex/latex/float\float.sty"
Package: float 2001/11/08 v1.3d Float enhancements (AL)
\c@float@type=\count131
\float@exts=\toks26
\float@box=\box34
\@float@everytoks=\toks27
\@floatcapt=\box35
)
("C:\Users\Hector\AppData\Local\Programs\MiKTeX 2.9\tex/latex/jknappen\mathrsfs
.sty"
Package: mathrsfs 1996/01/01 Math RSFS package v1.0 (jk)
\symrsfs=\mathgroup6
) (PM_Book.aux

LaTeX Warning: Label `tab:relentropy' multiply defined.

)
\openout1 = `PM_Book.aux'.

LaTeX Font Info:    Checking defaults for OML/cmm/m/it on input line 129.
LaTeX Font Info:    ... okay on input line 129.
LaTeX Font Info:    Checking defaults for T1/cmr/m/n on input line 129.
LaTeX Font Info:    ... okay on input line 129.
LaTeX Font Info:    Checking defaults for OT1/cmr/m/n on input line 129.
LaTeX Font Info:    ... okay on input line 129.
LaTeX Font Info:    Checking defaults for OMS/cmsy/m/n on input line 129.
LaTeX Font Info:    ... okay on input line 129.
LaTeX Font Info:    Checking defaults for OMX/cmex/m/n on input line 129.
LaTeX Font Info:    ... okay on input line 129.
LaTeX Font Info:    Checking defaults for U/cmr/m/n on input line 129.
LaTeX Font Info:    ... okay on input line 129.
LaTeX Font Info:    Checking defaults for TS1/cmr/m/n on input line 129.
LaTeX Font Info:    Try loading font information for TS1+cmr on input line 129.

 ("C:\Users\Hector\AppData\Local\Programs\MiKTeX 2.9\tex/latex/base\ts1cmr.fd"
File: ts1cmr.fd 2014/09/29 v2.5h Standard LaTeX font definitions
)
LaTeX Font Info:    ... okay on input line 129.
LaTeX Font Info:    Checking defaults for PD1/pdf/m/n on input line 129.
LaTeX Font Info:    ... okay on input line 129.
LaTeX Font Info:    Checking defaults for PU/pdf/m/n on input line 129.
LaTeX Font Info:    ... okay on input line 129.
LaTeX Font Info:    Try loading font information for T1+lmr on input line 129.
 ("C:\Users\Hector\AppData\Local\Programs\MiKTeX 2.9\tex/latex/lm\t1lmr.fd"
File: t1lmr.fd 2009/10/30 v1.6 Font defs for Latin Modern
)
LaTeX Info: Redefining \microtypecontext on input line 129.
Package microtype Info: Generating PDF output.
Package microtype Info: Character protrusion enabled (level 2).
Package microtype Info: Using protrusion set `basicmath'.
Package microtype Info: Automatic font expansion enabled (level 2),
(microtype)             stretch: 20, shrink: 20, step: 1, non-selected.
Package microtype Info: Using default expansion set `basictext'.
Package microtype Info: No adjustment of tracking.
Package microtype Info: No adjustment of interword spacing.
Package microtype Info: No adjustment of character kerning.

("C:\Users\Hector\AppData\Local\Programs\MiKTeX 2.9\tex/latex/microtype\mt-cmr.
cfg"
File: mt-cmr.cfg 2013/05/19 v2.2 microtype config. file: Computer Modern Roman 
(RS)
)
*geometry* driver: auto-detecting
*geometry* detected driver: pdftex
*geometry* verbose mode - [ preamble ] result:
* driver: pdftex
* paper: <default>
* layout: <same size as paper>
* layoutoffset:(h,v)=(0.0pt,0.0pt)
* modes: twoside 
* h-part:(L,W,R)=(72.26999pt, 469.75502pt, 72.26999pt)
* v-part:(T,H,B)=(72.26999pt, 650.43001pt, 72.26999pt)
* \paperwidth=614.295pt
* \paperheight=794.96999pt
* \textwidth=469.75502pt
* \textheight=650.43001pt
* \oddsidemargin=0.0pt
* \evensidemargin=0.0pt
* \topmargin=-30.06749pt
* \headheight=12.0pt
* \headsep=18.06749pt
* \topskip=10.0pt
* \footskip=25.29494pt
* \marginparwidth=125.0pt
* \marginparsep=7.0pt
* \columnsep=10.0pt
* \skip\footins=9.0pt plus 4.0pt minus 2.0pt
* \hoffset=0.0pt
* \voffset=0.0pt
* \mag=1000
* \@twocolumnfalse
* \@twosidetrue
* \@mparswitchtrue
* \@reversemarginfalse
* (1in=72.27pt=25.4mm, 1cm=28.453pt)

\AtBeginShipoutBox=\box36
Package hyperref Info: Link coloring OFF on input line 129.

("C:\Users\Hector\AppData\Local\Programs\MiKTeX 2.9\tex/latex/hyperref\nameref.
sty"
Package: nameref 2016/05/21 v2.44 Cross-referencing by name of section

("C:\Users\Hector\AppData\Local\Programs\MiKTeX 2.9\tex/generic/oberdiek\gettit
lestring.sty"
Package: gettitlestring 2016/05/16 v1.5 Cleanup title references (HO)
)
\c@section@level=\count132
)
LaTeX Info: Redefining \ref on input line 129.
LaTeX Info: Redefining \pageref on input line 129.
LaTeX Info: Redefining \nameref on input line 129.
 (PM_Book.out) (PM_Book.out)
\@outlinefile=\write4
\openout4 = `PM_Book.out'.


("C:\Users\Hector\AppData\Local\Programs\MiKTeX 2.9\tex/context/base/mkii\supp-
pdf.mkii"
[Loading MPS to PDF converter (version 2006.09.02).]
\scratchcounter=\count133
\scratchdimen=\dimen152
\scratchbox=\box37
\nofMPsegments=\count134
\nofMParguments=\count135
\everyMPshowfont=\toks28
\MPscratchCnt=\count136
\MPscratchDim=\dimen153
\MPnumerator=\count137
\makeMPintoPDFobject=\count138
\everyMPtoPDFconversion=\toks29
)
("C:\Users\Hector\AppData\Local\Programs\MiKTeX 2.9\tex/latex/oberdiek\epstopdf
-base.sty"
Package: epstopdf-base 2016/05/15 v2.6 Base part for package epstopdf

("C:\Users\Hector\AppData\Local\Programs\MiKTeX 2.9\tex/latex/oberdiek\grfext.s
ty"
Package: grfext 2016/05/16 v1.2 Manage graphics extensions (HO)
)
Package epstopdf-base Info: Redefining graphics rule for `.eps' on input line 4
38.
Package grfext Info: Graphics extension search list:
(grfext)             [.pdf,.png,.jpg,.mps,.jpeg,.jbig2,.jb2,.PDF,.PNG,.JPG,.JPE
G,.JBIG2,.JB2,.eps]
(grfext)             \AppendGraphicsExtensions on input line 456.
)
Package caption Info: Begin \AtBeginDocument code.
Package caption Info: float package is loaded.
Package caption Info: End \AtBeginDocument code.
 [1


{C:/Users/Hector/AppData/Local/MiKTeX/2.9/pdftex/config/pdftex.map}]
[2

] (PM_Book.toc
LaTeX Font Info:    Try loading font information for OT1+lmr on input line 3.

("C:\Users\Hector\AppData\Local\Programs\MiKTeX 2.9\tex/latex/lm\ot1lmr.fd"
File: ot1lmr.fd 2009/10/30 v1.6 Font defs for Latin Modern
)
LaTeX Font Info:    Try loading font information for OML+lmm on input line 3.

("C:\Users\Hector\AppData\Local\Programs\MiKTeX 2.9\tex/latex/lm\omllmm.fd"
File: omllmm.fd 2009/10/30 v1.6 Font defs for Latin Modern
)
LaTeX Font Info:    Try loading font information for OMS+lmsy on input line 3.

("C:\Users\Hector\AppData\Local\Programs\MiKTeX 2.9\tex/latex/lm\omslmsy.fd"
File: omslmsy.fd 2009/10/30 v1.6 Font defs for Latin Modern
)
LaTeX Font Info:    Try loading font information for OMX+lmex on input line 3.

("C:\Users\Hector\AppData\Local\Programs\MiKTeX 2.9\tex/latex/lm\omxlmex.fd"
File: omxlmex.fd 2009/10/30 v1.6 Font defs for Latin Modern
)
LaTeX Font Info:    External font `lmex10' loaded for size
(Font)              <10> on input line 3.
LaTeX Font Info:    External font `lmex10' loaded for size
(Font)              <7> on input line 3.
LaTeX Font Info:    External font `lmex10' loaded for size
(Font)              <5> on input line 3.
LaTeX Font Info:    Try loading font information for U+msa on input line 3.

("C:\Users\Hector\AppData\Local\Programs\MiKTeX 2.9\tex/latex/amsfonts\umsa.fd"
File: umsa.fd 2013/01/14 v3.01 AMS symbols A
)
("C:\Users\Hector\AppData\Local\Programs\MiKTeX 2.9\tex/latex/microtype\mt-msa.
cfg"
File: mt-msa.cfg 2006/02/04 v1.1 microtype config. file: AMS symbols (a) (RS)
)
LaTeX Font Info:    Try loading font information for U+msb on input line 3.

("C:\Users\Hector\AppData\Local\Programs\MiKTeX 2.9\tex/latex/amsfonts\umsb.fd"
File: umsb.fd 2013/01/14 v3.01 AMS symbols B
)
("C:\Users\Hector\AppData\Local\Programs\MiKTeX 2.9\tex/latex/microtype\mt-msb.
cfg"
File: mt-msb.cfg 2005/06/01 v1.0 microtype config. file: AMS symbols (b) (RS)
)
LaTeX Font Info:    Try loading font information for U+rsfs on input line 3.

("C:\Users\Hector\AppData\Local\Programs\MiKTeX 2.9\tex/latex/jknappen\ursfs.fd
"
File: ursfs.fd 1998/03/24 rsfs font definition file (jk)
) [3])
\tf@toc=\write5
\openout5 = `PM_Book.toc'.

 [4] [5

]
LaTeX Font Info:    Try loading font information for TS1+lmr on input line 155.


("C:\Users\Hector\AppData\Local\Programs\MiKTeX 2.9\tex/latex/lm\ts1lmr.fd"
File: ts1lmr.fd 2009/10/30 v1.6 Font defs for Latin Modern
)
[6]
Chapter 1.
[7

]
LaTeX Font Info:    External font `lmex10' loaded for size
(Font)              <8> on input line 198.
LaTeX Font Info:    External font `lmex10' loaded for size
(Font)              <6> on input line 198.
 [8] [9] [10] [11] [12]
LaTeX Font Info:    Try loading font information for T1+lmtt on input line 315.


("C:\Users\Hector\AppData\Local\Programs\MiKTeX 2.9\tex/latex/lm\t1lmtt.fd"
File: t1lmtt.fd 2009/10/30 v1.6 Font defs for Latin Modern
)
LaTeX Font Info:    Try loading font information for TS1+lmtt on input line 315
.

("C:\Users\Hector\AppData\Local\Programs\MiKTeX 2.9\tex/latex/lm\ts1lmtt.fd"
File: ts1lmtt.fd 2009/10/30 v1.6 Font defs for Latin Modern
)
<history_MPM.png, id=557, 2457.18pt x 1657.69313pt>
File: history_MPM.png Graphic file (type png)
<use history_MPM.png>
Package pdftex.def Info: history_MPM.png  used on input line 325.
(pdftex.def)             Requested size: 469.75606pt x 316.91263pt.

Underfull \vbox (badness 10000) has occurred while \output is active []

 [13]
[14 <./history_MPM.png>] [15] [16

]
Chapter 2.
<real_workflow.png, id=625, 2125.9425pt x 1626.82782pt>
File: real_workflow.png Graphic file (type png)
<use real_workflow.png>
Package pdftex.def Info: real_workflow.png  used on input line 354.
(pdftex.def)             Requested size: 469.75247pt x 359.4671pt.

Underfull \vbox (badness 10000) has occurred while \output is active []

 [17]
<ideal_workflow1.png, id=633, 531.4254pt x 406.6392pt>
File: ideal_workflow1.png Graphic file (type png)
<use ideal_workflow1.png>
Package pdftex.def Info: ideal_workflow1.png  used on input line 365.
(pdftex.def)             Requested size: 531.44029pt x 406.65062pt.

Overfull \hbox (61.68527pt too wide) in paragraph at lines 365--366
 [][] 
 []


Underfull \vbox (badness 10000) has occurred while \output is active []

 [18 <./real_workflow.png>]
Underfull \vbox (badness 10000) has occurred while \output is active []

 [19 <./ideal_workflow1.png>] [20] [21]
<Diagram_CFA_null.png, id=682, 947.4597pt x 922.4061pt>
File: Diagram_CFA_null.png Graphic file (type png)
<use Diagram_CFA_null.png>
Package pdftex.def Info: Diagram_CFA_null.png  used on input line 476.
(pdftex.def)             Requested size: 469.753pt x 457.33136pt.


LaTeX Warning: Reference `cha:reliability' on page 22 undefined on input line 4
83.

<Diagram_CFA_GuioModel.png, id=685, 1911.0597pt x 926.5014pt>
File: Diagram_CFA_GuioModel.png Graphic file (type png)
<use Diagram_CFA_GuioModel.png>
Package pdftex.def Info: Diagram_CFA_GuioModel.png  used on input line 487.
(pdftex.def)             Requested size: 469.74464pt x 227.73703pt.

Underfull \vbox (badness 10000) has occurred while \output is active []

 [22]
[23 <./Diagram_CFA_null.png>]
<Diagram_CFA_mpi.png, id=704, 947.4597pt x 922.4061pt>
File: Diagram_CFA_mpi.png Graphic file (type png)
<use Diagram_CFA_mpi.png>
Package pdftex.def Info: Diagram_CFA_mpi.png  used on input line 498.
(pdftex.def)             Requested size: 469.753pt x 457.33136pt.

Underfull \vbox (badness 10000) has occurred while \output is active []

 [24 <./Diagram_CFA_GuioModel.png>]
<Diagram_CFA_townsend.png, id=717, 1911.0597pt x 926.5014pt>
File: Diagram_CFA_townsend.png Graphic file (type png)
<use Diagram_CFA_townsend.png>
Package pdftex.def Info: Diagram_CFA_townsend.png  used on input line 509.
(pdftex.def)             Requested size: 469.74464pt x 227.73703pt.

Underfull \vbox (badness 10000) has occurred while \output is active []

 [25 <./Diagram_CFA_mpi.png>]

LaTeX Warning: Reference `cha:Chapter_1' on page 26 undefined on input line 521
.


LaTeX Warning: Reference `sec:samplingspace' on page 26 undefined on input line
 521.

[26 <./Diagram_CFA_townsend.png>] [27] [28

]
Chapter 3.
[29] [30]

LaTeX Warning: Reference `ta:reliabilitystats' on page 31 undefined on input li
ne 599.

[31] [32]
LaTeX Font Info:    Font shape `T1/lmtt/bx/n' in size <10> not available
(Font)              Font shape `T1/lmtt/b/n' tried instead on input line 763.
 [33]
<PM_Book_files/figure-latex/depscore-1.png, id=868, 505.89pt x 361.35pt>
File: PM_Book_files/figure-latex/depscore-1.png Graphic file (type png)
<use PM_Book_files/figure-latex/depscore-1.png>
Package pdftex.def Info: PM_Book_files/figure-latex/depscore-1.png  used on inp
ut line 801.
(pdftex.def)             Requested size: 469.76265pt x 335.54477pt.
 [34] [35 <./PM_Book_files/figure-latex/depscore-1.png>] [36]
[37] [38] [39] [40]
<PM_Book_files/figure-latex/fsdesrel-1.png, id=920, 505.89pt x 361.35pt>
File: PM_Book_files/figure-latex/fsdesrel-1.png Graphic file (type png)
<use PM_Book_files/figure-latex/fsdesrel-1.png>
Package pdftex.def Info: PM_Book_files/figure-latex/fsdesrel-1.png  used on inp
ut line 1195.
(pdftex.def)             Requested size: 469.76265pt x 335.54477pt.
<PM_Book_files/figure-latex/fsdesunrel-1.png, id=921, 505.89pt x 361.35pt>
File: PM_Book_files/figure-latex/fsdesunrel-1.png Graphic file (type png)
<use PM_Book_files/figure-latex/fsdesunrel-1.png>
Package pdftex.def Info: PM_Book_files/figure-latex/fsdesunrel-1.png  used on i
nput line 1210.
(pdftex.def)             Requested size: 469.76265pt x 335.54477pt.

Underfull \vbox (badness 10000) has occurred while \output is active []

 [41]
[42 <./PM_Book_files/figure-latex/fsdesrel-1.png>] [43 <./PM_Book_files/figure-
latex/fsdesunrel-1.png>] [44] [45]

LaTeX Warning: Reference `' on page 46 undefined on input line 1392.

[46] [47] [48] [49] [50]
<PM_Book_files/figure-latex/lamdamex-1.png, id=989, 505.89pt x 361.35pt>
File: PM_Book_files/figure-latex/lamdamex-1.png Graphic file (type png)
<use PM_Book_files/figure-latex/lamdamex-1.png>
Package pdftex.def Info: PM_Book_files/figure-latex/lamdamex-1.png  used on inp
ut line 1634.
(pdftex.def)             Requested size: 469.76265pt x 335.54477pt.
 [51 <./PM_Book_files/figure-latex/lamdamex-1.png>]
[52

]
Chapter 4.
[53] [54]
<val_gordon.png, id=1038, 2120.6728pt x 1516.16437pt>
File: val_gordon.png Graphic file (type png)
<use val_gordon.png>
Package pdftex.def Info: val_gordon.png  used on input line 1696.
(pdftex.def)             Requested size: 469.75299pt x 335.84753pt.

Underfull \vbox (badness 10000) has occurred while \output is active []

 [55]
<val_MIMIC.png, id=1052, 1738.99687pt x 1437.87187pt>
File: val_MIMIC.png Graphic file (type png)
<use val_MIMIC.png>
Package pdftex.def Info: val_MIMIC.png  used on input line 1707.
(pdftex.def)             Requested size: 469.74771pt x 388.40611pt.

Underfull \vbox (badness 10000) has occurred while \output is active []

 [56 <./val_gordon.png>]
<val_md_MIMIC.png, id=1060, 1952.79562pt x 1321.18594pt>
File: val_md_MIMIC.png Graphic file (type png)
<use val_md_MIMIC.png>
Package pdftex.def Info: val_md_MIMIC.png  used on input line 1718.
(pdftex.def)             Requested size: 469.75323pt x 317.81685pt.

Underfull \vbox (badness 10000) has occurred while \output is active []

 [57 <./val_MIMIC.png>] [58 <./val_md_MIMIC.png>] [59] [60] [61]
<PM_Book_files/figure-latex/val1-1.png, id=1114, 505.89pt x 361.35pt>
File: PM_Book_files/figure-latex/val1-1.png Graphic file (type png)
<use PM_Book_files/figure-latex/val1-1.png>
Package pdftex.def Info: PM_Book_files/figure-latex/val1-1.png  used on input l
ine 1886.
(pdftex.def)             Requested size: 469.76265pt x 335.54477pt.

Overfull \vbox (0.54976pt too high) detected at line 1905
 []

[62 <./PM_Book_files/figure-latex/val1-1.png>] [63]
<PM_Book_files/figure-latex/val2-1.png, id=1125, 505.89pt x 361.35pt>
File: PM_Book_files/figure-latex/val2-1.png Graphic file (type png)
<use PM_Book_files/figure-latex/val2-1.png>
Package pdftex.def Info: PM_Book_files/figure-latex/val2-1.png  used on input l
ine 1988.
(pdftex.def)             Requested size: 469.76265pt x 335.54477pt.

Underfull \vbox (badness 3250) has occurred while \output is active []

 [64 <./PM_Book_files/figure-latex/val2-1.png>] [65] [66] [67]

LaTeX Warning: Reference `@' on page 68 undefined on input line 2264.

<val_sem_1.png, id=1150, 1275.8064pt x 922.4061pt>
File: val_sem_1.png Graphic file (type png)
<use val_sem_1.png>
Package pdftex.def Info: val_sem_1.png  used on input line 2273.
(pdftex.def)             Requested size: 469.74385pt x 339.6241pt.
[68] [69 <./val_sem_1.png>]
Overfull \vbox (0.58023pt too high) detected at line 2383
 []

[70] [71]
<val_cfa_mex.png, id=1171, 1255.8117pt x 922.4061pt>
File: val_cfa_mex.png Graphic file (type png)
<use val_cfa_mex.png>
Package pdftex.def Info: val_cfa_mex.png  used on input line 2425.
(pdftex.def)             Requested size: 469.75935pt x 345.04288pt.
 [72 <./val_cfa_mex.png>]
Chapter 5.
[73

] [74] [75]
<PM_Book_files/figure-latex/MIhodls1-1.png, id=1208, 505.89pt x 361.35pt>
File: PM_Book_files/figure-latex/MIhodls1-1.png Graphic file (type png)
<use PM_Book_files/figure-latex/MIhodls1-1.png>
Package pdftex.def Info: PM_Book_files/figure-latex/MIhodls1-1.png  used on inp
ut line 2613.
(pdftex.def)             Requested size: 469.76265pt x 335.54477pt.
<PM_Book_files/figure-latex/MInothodls1-1.png, id=1209, 505.89pt x 361.35pt>
File: PM_Book_files/figure-latex/MInothodls1-1.png Graphic file (type png)
<use PM_Book_files/figure-latex/MInothodls1-1.png>
Package pdftex.def Info: PM_Book_files/figure-latex/MInothodls1-1.png  used on 
input line 2630.
(pdftex.def)             Requested size: 469.76265pt x 335.54477pt.
 [76] [77 <./PM_Book_files/figure-latex/MIhodls1-1.png>] [78 <./PM_Book_files/f
igure-latex/MInothodls1-1.png>]
<PM_Book_files/figure-latex/MIhodls2-1.png, id=1229, 505.89pt x 361.35pt>
File: PM_Book_files/figure-latex/MIhodls2-1.png Graphic file (type png)
<use PM_Book_files/figure-latex/MIhodls2-1.png>
Package pdftex.def Info: PM_Book_files/figure-latex/MIhodls2-1.png  used on inp
ut line 2649.
(pdftex.def)             Requested size: 469.76265pt x 335.54477pt.

Underfull \vbox (badness 10000) detected at line 2662
 []


Underfull \vbox (badness 1735) has occurred while \output is active []

 [79 <./PM_Book_files/figure-latex/MIhodls2-1.png>]
<PM_Book_files/figure-latex/MInothodls2-1.png, id=1238, 505.89pt x 361.35pt>
File: PM_Book_files/figure-latex/MInothodls2-1.png Graphic file (type png)
<use PM_Book_files/figure-latex/MInothodls2-1.png>
Package pdftex.def Info: PM_Book_files/figure-latex/MInothodls2-1.png  used on 
input line 2666.
(pdftex.def)             Requested size: 469.76265pt x 335.54477pt.

Overfull \vbox (0.54677pt too high) detected at line 2684
 []

[80 <./PM_Book_files/figure-latex/MInothodls2-1.png>] [81]
Overfull \hbox (76.2434pt too wide) in paragraph at lines 2765--2765
[]\T1/lmtt/m/n/10 ## System command: C:\WINDOWS\system32\cmd.exe /c cd "." && "
Mplus" "MI_analysis_du_configural1and2.inp"[] 
 []

[82]
Overfull \hbox (112.99329pt too wide) in paragraph at lines 2845--2845
[]\T1/lmtt/m/n/10 ## System command: C:\WINDOWS\system32\cmd.exe /c cd "." && "
Mplus" "MI_metric_analysis_du_configural1and2.inp"[] 
 []


Overfull \vbox (0.39722pt too high) detected at line 2858
 []

[83] [84]
Overfull \hbox (65.74342pt too wide) in paragraph at lines 2930--2930
[]\T1/lmtt/m/n/10 ## System command: C:\WINDOWS\system32\cmd.exe /c cd "." && "
Mplus" "MI_metricanalysis_B_du_1and2.inp"[] 
 []

[85]
Overfull \hbox (55.24345pt too wide) in paragraph at lines 3008--3008
[]\T1/lmtt/m/n/10 ## System command: C:\WINDOWS\system32\cmd.exe /c cd "." && "
Mplus" "MI_scalaranalysis_du_1and2.inp"[] 
 []


Overfull \vbox (1.35123pt too high) detected at line 3082
 []

[86]
Overfull \hbox (65.74342pt too wide) in paragraph at lines 3089--3089
[]\T1/lmtt/m/n/10 ## System command: C:\WINDOWS\system32\cmd.exe /c cd "." && "
Mplus" "MI_scalaranalysis_B_du_1and2.inp"[] 
 []


Underfull \vbox (badness 5985) detected at line 3100
 []


Underfull \vbox (badness 2913) has occurred while \output is active []

 [87]
[88] [89] [90] [91]
Underfull \vbox (badness 1331) detected at line 3352
 []


Underfull \vbox (badness 1331) has occurred while \output is active []

 [92]
<PM_Book_files/figure-latex/MIFRScomp-1.png, id=1303, 505.89pt x 361.35pt>
File: PM_Book_files/figure-latex/MIFRScomp-1.png Graphic file (type png)
<use PM_Book_files/figure-latex/MIFRScomp-1.png>
Package pdftex.def Info: PM_Book_files/figure-latex/MIFRScomp-1.png  used on in
put line 3358.
(pdftex.def)             Requested size: 469.76265pt x 335.54477pt.

Underfull \vbox (badness 10000) has occurred while \output is active []

 [93]
[94 <./PM_Book_files/figure-latex/MIFRScomp-1.png>]
Chapter 6.
[95

] [96

]
Chapter 7.
[97] [98

]
Chapter 8.
[99] [100

]
Chapter 9.
[101] [102] [103] [104] [105] [106]
Package atveryend Info: Empty hook `BeforeClearDocument' on input line 3817.
 [107]
Package atveryend Info: Empty hook `AfterLastShipout' on input line 3817.
 (PM_Book.aux)
Package atveryend Info: Executing hook `AtVeryEndDocument' on input line 3817.
Package atveryend Info: Executing hook `AtEndAfterFileList' on input line 3817.

Package rerunfilecheck Info: File `PM_Book.out' has not changed.
(rerunfilecheck)             Checksum: 512AC86B767B0EA1D79B802756D2B94C;12396.


LaTeX Warning: There were undefined references.


LaTeX Warning: There were multiply-defined labels.

Package atveryend Info: Empty hook `AtVeryVeryEnd' on input line 3817.
 ) 
Here is how much of TeX's memory you used:
 15149 strings out of 492895
 231336 string characters out of 3123268
 345184 words of memory out of 3000000
 18205 multiletter control sequences out of 15000+200000
 101823 words of font info for 168 fonts, out of 3000000 for 9000
 1141 hyphenation exceptions out of 8191
 36i,9n,49p,3227b,458s stack positions out of 5000i,500n,10000p,200000b,50000s
{C:/Users/Hector/AppData/Local/Programs/MiKTeX 2.9/fonts/enc/dvips/lm/lm-rm.e
nc}{C:/Users/Hector/AppData/Local/Programs/MiKTeX 2.9/fonts/enc/dvips/lm/lm-ec.
enc}{C:/Users/Hector/AppData/Local/Programs/MiKTeX 2.9/fonts/enc/dvips/lm/lm-ma
thsy.enc}{C:/Users/Hector/AppData/Local/Programs/MiKTeX 2.9/fonts/enc/dvips/lm/
lm-mathit.enc}{C:/Users/Hector/AppData/Local/Programs/MiKTeX 2.9/fonts/enc/dvip
s/lm/lm-ts1.enc}{C:/Users/Hector/AppData/Local/Programs/MiKTeX 2.9/fonts/enc/dv
ips/lm/lm-mathex.enc}<C:/Users/Hector/AppData/Local/Programs/MiKTeX 2.9/fonts/t
ype1/public/lm/lmbx10.pfb><C:/Users/Hector/AppData/Local/Programs/MiKTeX 2.9/fo
nts/type1/public/lm/lmbx12.pfb><C:/Users/Hector/AppData/Local/Programs/MiKTeX 2
.9/fonts/type1/public/lm/lmbx8.pfb><C:/Users/Hector/AppData/Local/Programs/MiKT
eX 2.9/fonts/type1/public/lm/lmex10.pfb><C:/Users/Hector/AppData/Local/Programs
/MiKTeX 2.9/fonts/type1/public/lm/lmmi10.pfb><C:/Users/Hector/AppData/Local/Pro
grams/MiKTeX 2.9/fonts/type1/public/lm/lmmi5.pfb><C:/Users/Hector/AppData/Local
/Programs/MiKTeX 2.9/fonts/type1/public/lm/lmmi7.pfb><C:/Users/Hector/AppData/L
ocal/Programs/MiKTeX 2.9/fonts/type1/public/lm/lmmi8.pfb><C:/Users/Hector/AppDa
ta/Local/Programs/MiKTeX 2.9/fonts/type1/public/lm/lmr10.pfb><C:/Users/Hector/A
ppData/Local/Programs/MiKTeX 2.9/fonts/type1/public/lm/lmr17.pfb><C:/Users/Hect
or/AppData/Local/Programs/MiKTeX 2.9/fonts/type1/public/lm/lmr6.pfb><C:/Users/H
ector/AppData/Local/Programs/MiKTeX 2.9/fonts/type1/public/lm/lmr7.pfb><C:/User
s/Hector/AppData/Local/Programs/MiKTeX 2.9/fonts/type1/public/lm/lmr8.pfb><C:/U
sers/Hector/AppData/Local/Programs/MiKTeX 2.9/fonts/type1/public/lm/lmri10.pfb>
<C:/Users/Hector/AppData/Local/Programs/MiKTeX 2.9/fonts/type1/public/lm/lmri12
.pfb><C:/Users/Hector/AppData/Local/Programs/MiKTeX 2.9/fonts/type1/public/lm/l
mro10.pfb><C:/Users/Hector/AppData/Local/Programs/MiKTeX 2.9/fonts/type1/public
/lm/lmsy10.pfb><C:/Users/Hector/AppData/Local/Programs/MiKTeX 2.9/fonts/type1/p
ublic/lm/lmsy7.pfb><C:/Users/Hector/AppData/Local/Programs/MiKTeX 2.9/fonts/typ
e1/public/lm/lmtk10.pfb><C:/Users/Hector/AppData/Local/Programs/MiKTeX 2.9/font
s/type1/public/lm/lmtt10.pfb><C:/Users/Hector/AppData/Local/Programs/MiKTeX 2.9
/fonts/type1/public/lm/lmtti10.pfb><C:/Users/Hector/AppData/Local/Programs/MiKT
eX 2.9/fonts/type1/public/rsfs/rsfs10.pfb>
Output written on PM_Book.pdf (107 pages, 5413697 bytes).
PDF statistics:
 1605 PDF objects out of 1728 (max. 8388607)
 441 named destinations out of 1000 (max. 500000)
 16932 words of extra memory for PDF output out of 17280 (max. 10000000)

