\BOOKMARK [0][-]{chapter*.2}{\376\377\000P\000r\000e\000f\000a\000c\000e}{}% 1
\BOOKMARK [0][-]{chapter.1}{\376\377\000P\000o\000v\000e\000r\000t\000y\000\040\000a\000n\000d\000\040\000m\000e\000a\000s\000u\000r\000e\000m\000e\000n\000t\000\040\000t\000h\000e\000o\000r\000y\000\040\000p\000r\000i\000n\000c\000i\000p\000l\000e\000s}{}% 2
\BOOKMARK [1][-]{section.1.1}{\376\377\000T\000h\000e\000\040\000C\000o\000n\000c\000e\000p\000t\000\040\000o\000f\000\040\000P\000o\000v\000e\000r\000t\000y}{chapter.1}% 3
\BOOKMARK [1][-]{section.1.2}{\376\377\000T\000h\000e\000o\000r\000e\000t\000i\000c\000a\000l\000\040\000d\000i\000m\000e\000n\000s\000i\000o\000n\000s\000\040\000o\000f\000\040\000p\000o\000v\000e\000r\000t\000y}{chapter.1}% 4
\BOOKMARK [1][-]{section.1.3}{\376\377\000T\000h\000e\000\040\000m\000e\000a\000s\000u\000r\000e\000m\000e\000n\000t\000\040\000o\000f\000\040\000p\000o\000v\000e\000r\000t\000y\000\040\000a\000n\000d\000\040\000i\000t\000s\000\040\000c\000h\000a\000l\000l\000e\000n\000g\000e\000s}{chapter.1}% 5
\BOOKMARK [1][-]{section.1.4}{\376\377\000T\000h\000e\000\040\000p\000o\000o\000r\000\040\000a\000n\000d\000\040\000t\000h\000e\000\040\000n\000o\000t\000\040\000p\000o\000o\000r\000:\000\040\000T\000h\000e\000\040\000p\000o\000v\000e\000r\000t\000y\000\040\000l\000i\000n\000e}{chapter.1}% 6
\BOOKMARK [1][-]{section.1.5}{\376\377\000A\000\040\000b\000r\000i\000e\000f\000\040\000o\000n\000\040\000m\000u\000l\000t\000i\000d\000i\000m\000e\000n\000s\000i\000o\000n\000a\000l\000\040\000p\000o\000v\000e\000r\000t\000y\000\040\000m\000e\000a\000s\000u\000r\000e\000m\000e\000n\000t}{chapter.1}% 7
\BOOKMARK [0][-]{chapter.2}{\376\377\000P\000o\000v\000e\000r\000t\000y\000\040\000a\000n\000d\000\040\000m\000e\000a\000s\000u\000r\000e\000m\000e\000n\000t\000\040\000t\000h\000e\000o\000r\000y\000:\000\040\000A\000\040\000s\000t\000a\000t\000i\000s\000t\000i\000c\000a\000l\000\040\000f\000r\000a\000m\000e\000w\000o\000r\000k}{}% 8
\BOOKMARK [1][-]{section.2.1}{\376\377\000W\000o\000r\000k\000\040\000f\000l\000o\000w\000\040\000i\000n\000\040\000p\000o\000v\000e\000r\000t\000y\000\040\000m\000e\000a\000s\000u\000r\000e\000m\000e\000n\000t\000:\000\040\000A\000\040\000f\000a\000l\000s\000i\000f\000i\000a\000b\000l\000e\000\040\000f\000r\000a\000m\000e\000w\000o\000r\000k}{chapter.2}% 9
\BOOKMARK [1][-]{section.2.2}{\376\377\000I\000d\000e\000n\000t\000i\000f\000i\000c\000a\000t\000i\000o\000n\000\040\000o\000f\000\040\000t\000h\000e\000\040\000s\000a\000m\000p\000l\000i\000n\000g\000\040\000s\000p\000a\000c\000e}{chapter.2}% 10
\BOOKMARK [1][-]{section.2.3}{\376\377\000S\000e\000l\000e\000c\000t\000i\000o\000n\000\040\000o\000f\000\040\000d\000i\000m\000e\000n\000s\000i\000o\000n\000s\000\040\000a\000n\000d\000\040\000i\000n\000d\000i\000c\000a\000t\000o\000r\000s}{chapter.2}% 11
\BOOKMARK [1][-]{section.2.4}{\376\377\000A\000g\000g\000r\000e\000g\000a\000t\000i\000o\000n\000\040\000a\000n\000d\000\040\000w\000e\000i\000g\000h\000t\000i\000n\000g}{chapter.2}% 12
\BOOKMARK [1][-]{section.2.5}{\376\377\000M\000e\000a\000s\000u\000r\000e\000m\000e\000n\000t\000\040\000t\000h\000e\000o\000r\000y\000\040\000a\000s\000\040\000a\000n\000\040\000s\000t\000a\000t\000i\000s\000t\000i\000c\000a\000l\000\040\000f\000r\000a\000m\000e\000w\000o\000r\000k}{chapter.2}% 13
\BOOKMARK [1][-]{section.2.6}{\376\377\000P\000o\000v\000e\000r\000t\000y\000\040\000a\000n\000d\000\040\000e\000r\000r\000o\000r\000\040\000i\000n\000\040\000m\000e\000a\000s\000u\000r\000e\000m\000e\000n\000t}{chapter.2}% 14
\BOOKMARK [1][-]{section.2.7}{\376\377\000M\000e\000a\000s\000u\000r\000e\000m\000e\000n\000t\000\040\000m\000o\000d\000e\000l\000\040\000f\000o\000r\000\040\000p\000o\000v\000e\000r\000t\000y}{chapter.2}% 15
\BOOKMARK [1][-]{section.2.8}{\376\377\000B\000l\000u\000e\000p\000r\000i\000n\000t\000s\000\040\000a\000n\000d\000\040\000p\000o\000v\000e\000r\000t\000y\000\040\000m\000e\000a\000s\000u\000r\000e\000m\000e\000n\000t\000\040\000m\000o\000d\000e\000l\000s}{chapter.2}% 16
\BOOKMARK [1][-]{section.2.9}{\376\377\000M\000e\000a\000s\000u\000r\000e\000m\000e\000n\000t\000\040\000t\000h\000e\000o\000r\000y\000\040\000a\000n\000d\000\040\000p\000r\000i\000n\000c\000i\000p\000l\000e\000s}{chapter.2}% 17
\BOOKMARK [0][-]{chapter.3}{\376\377\000R\000e\000l\000i\000a\000b\000i\000l\000i\000t\000y\000\040\000i\000n\000\040\000p\000o\000v\000e\000r\000t\000y\000\040\000m\000e\000a\000s\000u\000r\000e\000m\000e\000n\000t}{}% 18
\BOOKMARK [1][-]{section.3.1}{\376\377\000I\000n\000t\000u\000i\000t\000i\000o\000n\000\040\000t\000o\000\040\000t\000h\000e\000\040\000c\000o\000n\000c\000e\000p\000t\000\040\000o\000f\000\040\000r\000e\000l\000i\000a\000b\000i\000l\000i\000t\000y}{chapter.3}% 19
\BOOKMARK [1][-]{section.3.2}{\376\377\000R\000e\000l\000i\000a\000b\000i\000l\000i\000t\000y\000\040\000t\000h\000e\000o\000r\000y}{chapter.3}% 20
\BOOKMARK [1][-]{section.3.3}{\376\377\000S\000t\000a\000t\000i\000s\000t\000i\000c\000a\000l\000\040\000m\000e\000a\000s\000u\000r\000e\000s\000\040\000o\000f\000\040\000r\000e\000l\000i\000a\000b\000i\000l\000i\000t\000y}{chapter.3}% 21
\BOOKMARK [1][-]{section.3.4}{\376\377\000I\000t\000e\000m\000-\000l\000e\000v\000e\000l\000\040\000r\000e\000l\000i\000a\000b\000i\000l\000i\000t\000y\000\040\000a\000n\000d\000\040\000w\000e\000i\000g\000h\000t\000i\000n\000g}{chapter.3}% 22
\BOOKMARK [1][-]{section.3.5}{\376\377\000E\000s\000t\000i\000m\000a\000t\000i\000o\000n\000\040\000o\000f\000\040\000R\000e\000l\000i\000a\000b\000i\000l\000i\000t\000y}{chapter.3}% 23
\BOOKMARK [1][-]{section.3.6}{\376\377\000I\000t\000e\000m\000-\000l\000e\000v\000e\000l\000\040\000r\000e\000l\000i\000a\000b\000i\000l\000i\000t\000y}{chapter.3}% 24
\BOOKMARK [1][-]{section.3.7}{\376\377\000M\000u\000l\000t\000i\000d\000i\000m\000e\000n\000s\000i\000o\000n\000a\000l\000\040\000i\000t\000e\000m\000-\000r\000e\000l\000i\000a\000b\000i\000l\000i\000t\000y\000\040\000e\000v\000a\000l\000u\000a\000t\000i\000o\000n}{chapter.3}% 25
\BOOKMARK [1][-]{section.3.8}{\376\377\000R\000e\000a\000l\000\040\000d\000a\000t\000a\000\040\000e\000x\000a\000m\000p\000l\000e}{chapter.3}% 26
\BOOKMARK [0][-]{chapter.4}{\376\377\000V\000a\000l\000i\000d\000i\000t\000y\000\040\000i\000n\000\040\000p\000o\000v\000e\000r\000t\000y\000\040\000m\000e\000a\000s\000u\000r\000e\000m\000e\000n\000t}{}% 27
\BOOKMARK [1][-]{section.4.1}{\376\377\000I\000n\000t\000u\000i\000t\000i\000o\000n\000\040\000t\000o\000\040\000t\000h\000e\000\040\000c\000o\000n\000c\000e\000p\000t\000\040\000o\000f\000\040\000v\000a\000l\000i\000d\000i\000t\000y}{chapter.4}% 28
\BOOKMARK [1][-]{section.4.2}{\376\377\000T\000h\000e\000o\000r\000y\000\040\000o\000f\000\040\000v\000a\000l\000i\000d\000i\000t\000y}{chapter.4}% 29
\BOOKMARK [1][-]{section.4.3}{\376\377\000M\000e\000t\000h\000o\000d\000s\000\040\000f\000o\000r\000\040\000t\000h\000e\000\040\000a\000n\000a\000l\000y\000s\000i\000s\000\040\000v\000a\000l\000i\000d\000i\000t\000y}{chapter.4}% 30
\BOOKMARK [1][-]{section.4.4}{\376\377\000V\000a\000l\000i\000d\000i\000t\000y\000\040\000a\000s\000s\000e\000s\000s\000m\000e\000n\000t}{chapter.4}% 31
\BOOKMARK [0][-]{chapter.5}{\376\377\000C\000o\000m\000p\000a\000r\000a\000b\000i\000l\000i\000t\000y\000\040\000i\000n\000\040\000p\000o\000v\000e\000r\000t\000y\000\040\000m\000e\000a\000s\000u\000r\000e\000m\000e\000n\000t}{}% 32
\BOOKMARK [1][-]{section.5.1}{\376\377\000M\000e\000a\000s\000u\000r\000e\000m\000e\000n\000t\000\040\000i\000n\000v\000a\000r\000i\000a\000n\000c\000e}{chapter.5}% 33
\BOOKMARK [1][-]{section.5.2}{\376\377\000I\000n\000t\000r\000o\000d\000u\000c\000t\000i\000o\000n\000\040\000t\000o\000\040\000k\000e\000y\000\040\000a\000s\000p\000e\000c\000t\000s\000\040\000o\000f\000\040\000m\000e\000a\000s\000u\000r\000e\000m\000e\000n\000t\000\040\000i\000n\000v\000a\000r\000i\000a\000n\000c\000e}{chapter.5}% 34
\BOOKMARK [1][-]{section.5.3}{\376\377\000M\000e\000t\000h\000o\000d\000s\000\040\000f\000o\000r\000\040\000t\000h\000e\000\040\000a\000s\000s\000e\000s\000s\000m\000e\000n\000t\000\040\000o\000f\000\040\000M\000e\000a\000s\000u\000r\000e\000m\000e\000n\000t\000\040\000I\000n\000v\000a\000r\000i\000a\000n\000c\000e}{chapter.5}% 35
\BOOKMARK [1][-]{section.5.4}{\376\377\000R\000e\000a\000l\000-\000d\000a\000t\000a\000\040\000a\000n\000a\000l\000y\000s\000i\000s\000\040\000o\000f\000\040\000M\000e\000a\000s\000u\000r\000e\000m\000e\000n\000t\000\040\000I\000n\000v\000a\000r\000i\000a\000n\000c\000e}{chapter.5}% 36
\BOOKMARK [0][-]{chapter.6}{\376\377\000S\000c\000a\000l\000e\000\040\000e\000q\000u\000a\000t\000i\000n\000g\000\040\000a\000n\000d\000\040\000l\000i\000n\000k\000i\000n\000g}{}% 37
\BOOKMARK [1][-]{section.6.1}{\376\377\000I\000n\000t\000u\000i\000t\000i\000o\000n\000\040\000t\000o\000\040\000s\000c\000a\000l\000e\000\040\000e\000q\000u\000a\000t\000i\000o\000n}{chapter.6}% 38
\BOOKMARK [1][-]{section.6.2}{\376\377\000T\000h\000e\000o\000r\000y\000\040\000o\000f\000\040\000s\000c\000a\000l\000e\000\040\000e\000q\000u\000a\000t\000i\000n\000g}{chapter.6}% 39
\BOOKMARK [1][-]{section.6.3}{\376\377\000E\000x\000a\000m\000p\000l\000e\000\040\000w\000i\000t\000h\000\040\000s\000i\000m\000u\000l\000a\000t\000e\000d\000\040\000d\000a\000t\000a\000\040\000i\000n\000\040\000R}{chapter.6}% 40
\BOOKMARK [1][-]{section.6.4}{\376\377\000R\000e\000a\000l\000-\000d\000a\000t\000a\000\040\000e\000x\000a\000m\000p\000l\000e}{chapter.6}% 41
\BOOKMARK [0][-]{chapter.7}{\376\377\000I\000d\000e\000n\000t\000i\000f\000y\000i\000n\000g\000\040\000t\000h\000e\000\040\000p\000o\000o\000r\000\040\000g\000r\000o\000u\000p}{}% 42
\BOOKMARK [1][-]{section.7.1}{\376\377\000T\000h\000e\000\040\000p\000o\000v\000e\000r\000t\000y\000\040\000l\000i\000n\000e}{chapter.7}% 43
\BOOKMARK [1][-]{section.7.2}{\376\377\000P\000e\000r\000s\000p\000e\000c\000t\000i\000v\000e\000s\000\040\000o\000n\000\040\000t\000h\000e\000\040\000p\000o\000v\000e\000r\000t\000y\000\040\000l\000i\000n\000e\000:\000\040\000U\000n\000i\000o\000n\000\040\000a\000n\000d\000\040\000i\000n\000t\000e\000r\000s\000e\000c\000t\000i\000o\000n\000\040\000a\000p\000p\000r\000o\000a\000c\000h\000e\000s}{chapter.7}% 44
\BOOKMARK [1][-]{section.7.3}{\376\377\000T\000h\000e\000\040\000h\000u\000m\000a\000n\000\040\000r\000i\000g\000h\000t\000s\000-\000b\000a\000s\000e\000d\000\040\000a\000p\000p\000r\000o\000a\000c\000h}{chapter.7}% 45
\BOOKMARK [1][-]{section.7.4}{\376\377\000T\000h\000e\000\040\000U\000B\000N\000\040\000w\000e\000i\000g\000h\000t\000e\000d\000\040\000a\000p\000p\000r\000o\000a\000c\000h}{chapter.7}% 46
\BOOKMARK [1][-]{section.7.5}{\376\377\000T\000h\000e\000\040\000p\000a\000r\000t\000i\000a\000l\000l\000y\000-\000w\000e\000i\000g\000h\000t\000e\000d\000\040\000a\000p\000p\000r\000o\000a\000c\000h}{chapter.7}% 47
\BOOKMARK [1][-]{section.7.6}{\376\377\000T\000h\000e\000\040\000B\000r\000i\000s\000t\000o\000l\000\040\000O\000p\000t\000i\000m\000a\000l\000\040\000a\000p\000p\000r\000o\000a\000c\000h}{chapter.7}% 48
\BOOKMARK [1][-]{section.7.7}{\376\377\000E\000x\000a\000m\000p\000l\000e\000\040\000w\000i\000t\000h\000\040\000s\000i\000m\000u\000l\000a\000t\000e\000d\000\040\000d\000a\000t\000a}{chapter.7}% 49
\BOOKMARK [1][-]{section.7.8}{\376\377\000R\000e\000a\000l\000-\000d\000a\000t\000a\000\040\000a\000n\000a\000l\000y\000s\000i\000s}{chapter.7}% 50
\BOOKMARK [0][-]{chapter.8}{\376\377\000F\000i\000n\000a\000l\000\040\000t\000h\000o\000u\000g\000h\000t\000s}{}% 51
\BOOKMARK [1][-]{section.8.1}{\376\377\000T\000h\000e\000\040\000f\000u\000t\000u\000r\000e\000\040\000o\000f\000\040\000d\000a\000t\000a\000\040\000p\000r\000o\000d\000u\000c\000t\000i\000o\000n\000\040\000i\000n\000\040\000m\000u\000l\000t\000i\000d\000i\000m\000e\000n\000s\000i\000o\000n\000a\000l\000\040\000p\000o\000v\000e\000r\000t\000y\000\040\000m\000e\000a\000s\000u\000r\000e\000m\000e\000n\000t}{chapter.8}% 52
\BOOKMARK [1][-]{section.8.2}{\376\377\000A\000d\000v\000a\000n\000c\000e\000d\000\040\000t\000o\000p\000i\000c\000s\000\040\000i\000n\000\040\000m\000u\000l\000t\000i\000d\000i\000m\000e\000n\000s\000i\000o\000n\000a\000l\000\040\000p\000o\000v\000e\000r\000t\000y\000\040\000m\000e\000a\000s\000u\000r\000e\000m\000e\000n\000t}{chapter.8}% 53
\BOOKMARK [0][-]{chapter.9}{\376\377\000R\000e\000f\000e\000r\000e\000n\000c\000e\000s}{}% 54
